<?xml version="1.0" encoding="UTF-8"?>
<!-- Generated by org.testng.reporters.JUnitReportReporter -->
<testsuite hostname="DESKTOP-10OIFKK" failures="0" tests="3" name="E2ETests.ProductCataloguePageValidation" time="25.776" errors="0" timestamp="2025-01-09T11:47:45 IST" skipped="1">
  <testcase classname="E2ETests.ProductCataloguePageValidation" name="submitOrder" time="16.625"/>
  <testcase classname="E2ETests.ProductCataloguePageValidation" name="verfyOrderHistory" time="9.151"/>
  <testcase classname="E2ETests.ProductCataloguePageValidation" name="VerifyAddtoCartMsg">
    <skipped/>
  </testcase> <!-- VerifyAddtoCartMsg -->
</testsuite> <!-- E2ETests.ProductCataloguePageValidation -->
