<?xml version="1.0" encoding="UTF-8"?>
<!-- Generated by org.testng.reporters.JUnitReportReporter -->
<testsuite hostname="DESKTOP-10OIFKK" failures="0" tests="1" name="Ecommerce" time="33.667" errors="0" timestamp="2025-01-09T10:50:58 IST" skipped="0">
  <testcase classname="Ecommerce" name="Demo" time="33.667"/>
</testsuite> <!-- Ecommerce -->
