<?xml version="1.0" encoding="UTF-8"?>
<!-- Generated by org.testng.reporters.JUnitReportReporter -->
<testsuite hostname="DESKTOP-10OIFKK" failures="0" tests="1" name="Ecommercepageobjectmodel" time="24.719" errors="0" timestamp="2025-01-05T13:42:18 IST" skipped="0">
  <testcase classname="Ecommercepageobjectmodel" name="ecommerceTestE2E" time="24.719"/>
</testsuite> <!-- Ecommercepageobjectmodel -->
