<?xml version="1.0" encoding="UTF-8"?>
<!-- Generated by org.testng.reporters.JUnitReportReporter -->
<testsuite hostname="DESKTOP-10OIFKK" failures="0" tests="1" name="Runner.TestRunner" time="24.252" errors="0" timestamp="2025-02-21T15:26:18 IST" skipped="0">
  <testcase classname="Runner.TestRunner" name="runScenario" time="24.252"/>
</testsuite> <!-- Runner.TestRunner -->
