<?xml version="1.0" encoding="UTF-8"?>
<!-- Generated by org.testng.reporters.JUnitReportReporter -->
<testsuite hostname="DESKTOP-10OIFKK" failures="0" tests="1" name="E2ETests.Ecommercepageobjectmodel" time="20.354" errors="0" timestamp="2025-01-09T11:06:41 IST" skipped="0">
  <testcase classname="E2ETests.Ecommercepageobjectmodel" name="ecommerceTestE2E" time="20.354"/>
</testsuite> <!-- E2ETests.Ecommercepageobjectmodel -->
